#! /usr/local/iverilog/bin/vvp
:ivl_version "11.0 (devel)" "(s20150603-612-ga9388a89)";
:ivl_delay_selection "TYPICAL";
:vpi_time_precision + 0;
:vpi_module "system";
:vpi_module "vhdl_sys";
:vpi_module "vhdl_textio";
:vpi_module "v2005_math";
:vpi_module "va_math";
S_000000000114b6d0 .scope module, "hello" "hello" 2 13;
 .timescale 0 0;
v00000000008ab970_0 .var "in1", 0 0;
v00000000008aba10_0 .var "in2", 0 0;
v00000000008abab0_0 .var "in3", 0 0;
v00000000008abb50_0 .var "in4", 0 0;
v00000000008ac400_0 .net "out", 0 0, v0000000000833300_0;  1 drivers
v00000000008ac4a0_0 .var "s1", 0 0;
v00000000008ac540_0 .var "s2", 0 0;
S_0000000000832f90 .scope module, "p" "mux" 2 16, 2 1 0, S_000000000114b6d0;
 .timescale 0 0;
    .port_info 0 /OUTPUT 1 "out";
    .port_info 1 /INPUT 1 "in1";
    .port_info 2 /INPUT 1 "in2";
    .port_info 3 /INPUT 1 "in3";
    .port_info 4 /INPUT 1 "in4";
    .port_info 5 /INPUT 1 "s1";
    .port_info 6 /INPUT 1 "s2";
v000000000114b860_0 .net "in1", 0 0, v00000000008ab970_0;  1 drivers
v0000000000833120_0 .net "in2", 0 0, v00000000008aba10_0;  1 drivers
v00000000008331c0_0 .net "in3", 0 0, v00000000008abab0_0;  1 drivers
v0000000000833260_0 .net "in4", 0 0, v00000000008abb50_0;  1 drivers
v0000000000833300_0 .var "out", 0 0;
v00000000008ab830_0 .net "s1", 0 0, v00000000008ac4a0_0;  1 drivers
v00000000008ab8d0_0 .net "s2", 0 0, v00000000008ac540_0;  1 drivers
E_000000000114acb0/0 .event edge, v00000000008ab8d0_0, v00000000008ab830_0, v000000000114b860_0, v0000000000833120_0;
E_000000000114acb0/1 .event edge, v00000000008331c0_0, v0000000000833260_0;
E_000000000114acb0 .event/or E_000000000114acb0/0, E_000000000114acb0/1;
    .scope S_0000000000832f90;
T_0 ;
    %wait E_000000000114acb0;
    %load/vec4 v00000000008ab8d0_0;
    %load/vec4 v00000000008ab830_0;
    %concat/vec4; draw_concat_vec4
    %dup/vec4;
    %pushi/vec4 0, 0, 2;
    %cmp/u;
    %jmp/1 T_0.0, 6;
    %dup/vec4;
    %pushi/vec4 1, 0, 2;
    %cmp/u;
    %jmp/1 T_0.1, 6;
    %dup/vec4;
    %pushi/vec4 2, 0, 2;
    %cmp/u;
    %jmp/1 T_0.2, 6;
    %dup/vec4;
    %pushi/vec4 3, 0, 2;
    %cmp/u;
    %jmp/1 T_0.3, 6;
    %jmp T_0.4;
T_0.0 ;
    %load/vec4 v000000000114b860_0;
    %store/vec4 v0000000000833300_0, 0, 1;
    %jmp T_0.4;
T_0.1 ;
    %load/vec4 v0000000000833120_0;
    %store/vec4 v0000000000833300_0, 0, 1;
    %jmp T_0.4;
T_0.2 ;
    %load/vec4 v00000000008331c0_0;
    %store/vec4 v0000000000833300_0, 0, 1;
    %jmp T_0.4;
T_0.3 ;
    %load/vec4 v0000000000833260_0;
    %store/vec4 v0000000000833300_0, 0, 1;
    %jmp T_0.4;
T_0.4 ;
    %pop/vec4 1;
    %jmp T_0;
    .thread T_0, $push;
    .scope S_000000000114b6d0;
T_1 ;
    %pushi/vec4 0, 0, 1;
    %store/vec4 v00000000008ab970_0, 0, 1;
    %pushi/vec4 1, 0, 1;
    %store/vec4 v00000000008aba10_0, 0, 1;
    %pushi/vec4 1, 0, 1;
    %store/vec4 v00000000008abab0_0, 0, 1;
    %pushi/vec4 1, 0, 1;
    %store/vec4 v00000000008abb50_0, 0, 1;
    %vpi_call 2 23 "$monitor", "%b %b    %b", v00000000008ac540_0, v00000000008ac4a0_0, v00000000008ac400_0 {0 0 0};
    %pushi/vec4 0, 0, 1;
    %store/vec4 v00000000008ac4a0_0, 0, 1;
    %pushi/vec4 0, 0, 1;
    %store/vec4 v00000000008ac540_0, 0, 1;
    %delay 1, 0;
    %pushi/vec4 1, 0, 1;
    %store/vec4 v00000000008ac4a0_0, 0, 1;
    %pushi/vec4 0, 0, 1;
    %store/vec4 v00000000008ac540_0, 0, 1;
    %delay 1, 0;
    %pushi/vec4 0, 0, 1;
    %store/vec4 v00000000008ac4a0_0, 0, 1;
    %pushi/vec4 1, 0, 1;
    %store/vec4 v00000000008ac540_0, 0, 1;
    %delay 1, 0;
    %pushi/vec4 1, 0, 1;
    %store/vec4 v00000000008ac4a0_0, 0, 1;
    %pushi/vec4 1, 0, 1;
    %store/vec4 v00000000008ac540_0, 0, 1;
    %end;
    .thread T_1;
# The file index is used to find the file name in the following table.
:file_names 3;
    "N/A";
    "<interactive>";
    "hello.v";
