#! /usr/local/iverilog/bin/vvp
:ivl_version "11.0 (devel)" "(s20150603-612-ga9388a89)";
:ivl_delay_selection "TYPICAL";
:vpi_time_precision + 0;
:vpi_module "system";
:vpi_module "vhdl_sys";
:vpi_module "vhdl_textio";
:vpi_module "v2005_math";
:vpi_module "va_math";
S_00000000001ada60 .scope module, "test" "test" 2 27;
 .timescale 0 0;
v0000000002733750_0 .var "clk", 0 0;
v0000000002732e90_0 .net "counter_up", 3 0, v0000000002733570_0;  1 drivers
v0000000002733a70_0 .var "reset", 0 0;
S_00000000001adbf0 .scope module, "a" "counter" 2 30, 2 11 0, S_00000000001ada60;
 .timescale 0 0;
    .port_info 0 /INPUT 1 "clk";
    .port_info 1 /INPUT 1 "reset";
    .port_info 2 /OUTPUT 4 "counter_up";
v00000000001add80_0 .net "clk", 0 0, v0000000002733750_0;  1 drivers
v0000000002733570_0 .var "counter_up", 3 0;
v00000000027337f0_0 .net "reset", 0 0, v0000000002733a70_0;  1 drivers
E_0000000002735c00 .event posedge, v00000000001add80_0;
    .scope S_00000000001adbf0;
T_0 ;
    %wait E_0000000002735c00;
    %load/vec4 v00000000027337f0_0;
    %pad/u 32;
    %cmpi/e 0, 0, 32;
    %jmp/0xz  T_0.0, 4;
    %pushi/vec4 1, 0, 4;
    %store/vec4 v0000000002733570_0, 0, 4;
    %jmp T_0.1;
T_0.0 ;
    %load/vec4 v0000000002733570_0;
    %parti/s 1, 0, 2;
    %ix/load 4, 3, 0;
    %ix/load 5, 0, 0;
    %flag_set/imm 4, 0;
    %assign/vec4/off/d v0000000002733570_0, 4, 5;
    %load/vec4 v0000000002733570_0;
    %parti/s 1, 3, 3;
    %ix/load 4, 2, 0;
    %ix/load 5, 0, 0;
    %flag_set/imm 4, 0;
    %assign/vec4/off/d v0000000002733570_0, 4, 5;
    %load/vec4 v0000000002733570_0;
    %parti/s 1, 2, 3;
    %ix/load 4, 1, 0;
    %ix/load 5, 0, 0;
    %flag_set/imm 4, 0;
    %assign/vec4/off/d v0000000002733570_0, 4, 5;
    %load/vec4 v0000000002733570_0;
    %parti/s 1, 1, 2;
    %ix/load 4, 0, 0;
    %ix/load 5, 0, 0;
    %flag_set/imm 4, 0;
    %assign/vec4/off/d v0000000002733570_0, 4, 5;
T_0.1 ;
    %jmp T_0;
    .thread T_0;
    .scope S_00000000001ada60;
T_1 ;
    %vpi_call 2 33 "$monitor", "%2d %b %b", $time, v0000000002733750_0, v0000000002732e90_0 {0 0 0};
    %pushi/vec4 1, 0, 1;
    %store/vec4 v0000000002733750_0, 0, 1;
    %pushi/vec4 0, 0, 1;
    %store/vec4 v0000000002733a70_0, 0, 1;
    %delay 1, 0;
    %pushi/vec4 1, 0, 1;
    %store/vec4 v0000000002733a70_0, 0, 1;
    %delay 200, 0;
    %vpi_call 2 37 "$finish" {0 0 0};
    %end;
    .thread T_1;
    .scope S_00000000001ada60;
T_2 ;
    %delay 5, 0;
    %load/vec4 v0000000002733750_0;
    %inv;
    %store/vec4 v0000000002733750_0, 0, 1;
    %jmp T_2;
    .thread T_2;
# The file index is used to find the file name in the following table.
:file_names 3;
    "N/A";
    "<interactive>";
    "counters.v";
